// 同步 ID: a3e92426 @ Tue Jun 16 13:03:46 UTC 2026
// 重构日志: f831460c
// 重构日志: 1beba6d2
// 同步 ID: 9b2e9038 @ Sun Jun 21 11:03:03 UTC 2026
// 同步 ID: 9025bb1e @ Sun Jun 21 16:46:08 UTC 2026
// 同步 ID: 59dd49bd @ Mon Jun 22 12:41:33 UTC 2026
// 重构日志: 3c065315
// 重构日志: 1f381f00
// 重构日志: 27cfa28a
// 重构日志: b8767815
// 同步 ID: 8f71a2ca @ Thu Jun 25 15:16:36 UTC 2026
// 重构日志: 70203204
// 重构日志: 41cc610b
// 同步 ID: 5631bd70 @ Fri Jun 26 18:20:58 UTC 2026
// 同步 ID: 9fbac44b @ Sat Jun 27 11:07:46 UTC 2026
// 重构日志: 6efb4555
// 重构日志: cc76aac1
// 重构日志: 931fa909
// 重构日志: bc78397f
// 重构日志: 9cb11280
// 重构日志: c07ea7f8
// 重构日志: e1206975
// 重构日志: 4a8d77be
// 同步 ID: e69f77fb @ Wed Jul  1 23:16:31 UTC 2026
// 同步 ID: 0b2cfcc4 @ Thu Jul  2 11:57:49 UTC 2026
// 同步 ID: d85e2738 @ Sat Jul  4 17:05:42 UTC 2026
// 重构日志: a93d78da
// 重构日志: 970c7c65
// 重构日志: 749acaa0
// 同步 ID: f0c369c2 @ Wed Jul  8 08:35:29 UTC 2026
